#
# There is insufficient memory for the Java Runtime Environment to continue.
# Native memory allocation (mmap) failed to map 113246208 bytes for G1 virtual space
# Possible reasons:
#   The system is out of physical RAM or swap space
#   The process is running with CompressedOops enabled, and the Java Heap may be blocking the growth of the native heap
# Possible solutions:
#   Reduce memory load on the system
#   Increase physical memory or swap space
#   Check if swap backing store is full
#   Decrease Java heap size (-Xmx/-Xms)
#   Decrease number of Java threads
#   Decrease Java thread stack sizes (-Xss)
#   Set larger code cache with -XX:ReservedCodeCacheSize=
#   JVM is running with Unscaled Compressed Oops mode in which the Java heap is
#     placed in the first 4GB address space. The Java Heap base address is the
#     maximum limit for the native heap growth. Please use -XX:HeapBaseMinAddress
#     to set the Java Heap base and to place the Java Heap above 4GB virtual address.
# This output file may be truncated or incomplete.
#
#  Out of Memory Error (os_windows.cpp:3469), pid=10720, tid=3012
#
# JRE version: Java(TM) SE Runtime Environment (17.0+35) (build 17+35-LTS-2724)
# Java VM: Java HotSpot(TM) 64-Bit Server VM (17+35-LTS-2724, mixed mode, emulated-client, sharing, tiered, compressed oops, compressed class ptrs, g1 gc, windows-amd64)
# No core dump will be written. Minidumps are not enabled by default on client versions of Windows
#

---------------  S U M M A R Y ------------

Command Line: -XX:TieredStopAtLevel=1 com.example.springboot.first.app.Application

Host: Intel(R) Core(TM) i3-10110U CPU @ 2.10GHz, 4 cores, 3G,  Windows 10 , 64 bit Build 22621 (10.0.22621.4830)
Time: Tue Mar 18 23:32:25 2025 Paris, Madrid elapsed time: 268.612064 seconds (0d 0h 4m 28s)

---------------  T H R E A D  ---------------

Current thread (0x000001975c928010):  VMThread "VM Thread" [stack: 0x0000002819600000,0x0000002819700000] [id=3012]

Stack: [0x0000002819600000,0x0000002819700000]
Native frames: (J=compiled Java code, j=interpreted, Vv=VM code, C=native code)
V  [jvm.dll+0x66f8ea]
V  [jvm.dll+0x7ce224]
V  [jvm.dll+0x7cf9ce]
V  [jvm.dll+0x7d0033]
V  [jvm.dll+0x242bb5]
V  [jvm.dll+0x66c909]
V  [jvm.dll+0x6613d2]
V  [jvm.dll+0x30082b]
V  [jvm.dll+0x307db6]
V  [jvm.dll+0x357a0e]
V  [jvm.dll+0x357c3f]
V  [jvm.dll+0x2d7ae8]
V  [jvm.dll+0x2d5db4]
V  [jvm.dll+0x2d53bc]
V  [jvm.dll+0x318d1b]
V  [jvm.dll+0x7d44cb]
V  [jvm.dll+0x7d5204]
V  [jvm.dll+0x7d571c]
V  [jvm.dll+0x7d5af4]
V  [jvm.dll+0x7d5bc0]
V  [jvm.dll+0x77e7ea]
V  [jvm.dll+0x66e715]
C  [ucrtbase.dll+0x29333]
C  [KERNEL32.DLL+0x1259d]
C  [ntdll.dll+0x5af38]

VM_Operation (0x000000281b5f7ea0): G1CollectForAllocation, mode: safepoint, requested by thread 0x0000019770561a00


---------------  P R O C E S S  ---------------

Threads class SMR info:
_java_thread_list=0x0000019772c13520, length=36, elements={
0x000001975c92d6c0, 0x000001975c930540, 0x000001976d723070, 0x000001976d723c20,
0x000001976d7265e0, 0x000001976d7275a0, 0x000001976d731370, 0x000001976d736590,
0x000001976e19e3a0, 0x000001976e19eca0, 0x000001976e6e8040, 0x000001976d789030,
0x000001977314a000, 0x000001977309e540, 0x000001977309ea10, 0x0000019770561060,
0x00000197705606c0, 0x0000019770561530, 0x000001977055f850, 0x000001977055fd20,
0x000001977055e510, 0x000001977055f380, 0x00000197705601f0, 0x0000019770560b90,
0x0000019770561a00, 0x000001977055e040, 0x000001977055e9e0, 0x000001977055eeb0,
0x0000019773a00080, 0x0000019773a03a40, 0x0000019773a00550, 0x0000019773a03f10,
0x0000019773a048b0, 0x0000019773a06590, 0x0000019773a07400, 0x00000197732ff020
}

Java Threads: ( => current thread )
  0x000001975c92d6c0 JavaThread "Reference Handler" daemon [_thread_blocked, id=16452, stack(0x0000002819700000,0x0000002819800000)]
  0x000001975c930540 JavaThread "Finalizer" daemon [_thread_blocked, id=9624, stack(0x0000002819800000,0x0000002819900000)]
  0x000001976d723070 JavaThread "Signal Dispatcher" daemon [_thread_blocked, id=2360, stack(0x0000002819900000,0x0000002819a00000)]
  0x000001976d723c20 JavaThread "Attach Listener" daemon [_thread_blocked, id=14516, stack(0x0000002819a00000,0x0000002819b00000)]
  0x000001976d7265e0 JavaThread "Service Thread" daemon [_thread_blocked, id=15052, stack(0x0000002819b00000,0x0000002819c00000)]
  0x000001976d7275a0 JavaThread "Monitor Deflation Thread" daemon [_thread_blocked, id=2304, stack(0x0000002819c00000,0x0000002819d00000)]
  0x000001976d731370 JavaThread "C1 CompilerThread0" daemon [_thread_blocked, id=9228, stack(0x0000002819d00000,0x0000002819e00000)]
  0x000001976d736590 JavaThread "Sweeper thread" daemon [_thread_blocked, id=5924, stack(0x0000002819e00000,0x0000002819f00000)]
  0x000001976e19e3a0 JavaThread "Notification Thread" daemon [_thread_blocked, id=10368, stack(0x000000281a100000,0x000000281a200000)]
  0x000001976e19eca0 JavaThread "Common-Cleaner" daemon [_thread_blocked, id=1344, stack(0x000000281a300000,0x000000281a400000)]
  0x000001976e6e8040 JavaThread "PostgreSQL-JDBC-Cleaner" daemon [_thread_blocked, id=5108, stack(0x000000281a800000,0x000000281a900000)]
  0x000001976d789030 JavaThread "HikariPool-1 housekeeper" daemon [_thread_blocked, id=1880, stack(0x000000281a900000,0x000000281aa00000)]
  0x000001977314a000 JavaThread "Catalina-utility-1" [_thread_blocked, id=11448, stack(0x000000281a000000,0x000000281a100000)]
  0x000001977309e540 JavaThread "Catalina-utility-2" [_thread_blocked, id=11116, stack(0x000000281aa00000,0x000000281ab00000)]
  0x000001977309ea10 JavaThread "container-0" [_thread_blocked, id=6852, stack(0x000000281ab00000,0x000000281ac00000)]
  0x0000019770561060 JavaThread "s0-timer-0" [_thread_blocked, id=1548, stack(0x000000281ac00000,0x000000281ad00000)]
  0x00000197705606c0 JavaThread "s0-admin-0" [_thread_blocked, id=17016, stack(0x000000281ad00000,0x000000281ae00000)]
  0x0000019770561530 JavaThread "s0-admin-1" [_thread_blocked, id=9808, stack(0x000000281ae00000,0x000000281af00000)]
  0x000001977055f850 JavaThread "s0-io-0" [_thread_in_native, id=16288, stack(0x000000281af00000,0x000000281b000000)]
  0x000001977055fd20 JavaThread "s0-io-1" [_thread_in_native, id=13628, stack(0x000000281b000000,0x000000281b100000)]
  0x000001977055e510 JavaThread "s0-io-2" [_thread_in_native, id=4580, stack(0x000000281b100000,0x000000281b200000)]
  0x000001977055f380 JavaThread "s0-io-3" [_thread_in_native, id=15844, stack(0x000000281b200000,0x000000281b300000)]
  0x00000197705601f0 JavaThread "http-nio-8080-exec-1" daemon [_thread_blocked, id=6512, stack(0x000000281b300000,0x000000281b400000)]
  0x0000019770560b90 JavaThread "http-nio-8080-exec-2" daemon [_thread_blocked, id=12992, stack(0x000000281b400000,0x000000281b500000)]
  0x0000019770561a00 JavaThread "http-nio-8080-exec-3" daemon [_thread_blocked, id=4900, stack(0x000000281b500000,0x000000281b600000)]
  0x000001977055e040 JavaThread "http-nio-8080-exec-4" daemon [_thread_blocked, id=6360, stack(0x000000281b600000,0x000000281b700000)]
  0x000001977055e9e0 JavaThread "http-nio-8080-exec-5" daemon [_thread_blocked, id=12312, stack(0x000000281b700000,0x000000281b800000)]
  0x000001977055eeb0 JavaThread "http-nio-8080-exec-6" daemon [_thread_blocked, id=9648, stack(0x000000281b800000,0x000000281b900000)]
  0x0000019773a00080 JavaThread "http-nio-8080-exec-7" daemon [_thread_blocked, id=9792, stack(0x000000281b900000,0x000000281ba00000)]
  0x0000019773a03a40 JavaThread "http-nio-8080-exec-8" daemon [_thread_blocked, id=17272, stack(0x000000281ba00000,0x000000281bb00000)]
  0x0000019773a00550 JavaThread "http-nio-8080-exec-9" daemon [_thread_blocked, id=17424, stack(0x000000281bb00000,0x000000281bc00000)]
  0x0000019773a03f10 JavaThread "http-nio-8080-exec-10" daemon [_thread_blocked, id=18056, stack(0x000000281bc00000,0x000000281bd00000)]
  0x0000019773a048b0 JavaThread "http-nio-8080-Poller" daemon [_thread_in_native, id=15976, stack(0x000000281bd00000,0x000000281be00000)]
  0x0000019773a06590 JavaThread "http-nio-8080-Acceptor" daemon [_thread_in_native, id=18404, stack(0x000000281be00000,0x000000281bf00000)]
  0x0000019773a07400 JavaThread "DestroyJavaVM" [_thread_blocked, id=16428, stack(0x0000002819000000,0x0000002819100000)]
  0x00000197732ff020 JavaThread "C1 CompilerThread1" daemon [_thread_blocked, id=12792, stack(0x0000002818d00000,0x0000002818e00000)]

Other Threads:
=>0x000001975c928010 VMThread "VM Thread" [stack: 0x0000002819600000,0x0000002819700000] [id=3012]
  0x000001976e19e870 WatcherThread [stack: 0x000000281a200000,0x000000281a300000] [id=16116]
  0x000001975c8bb490 GCTaskThread "GC Thread#0" [stack: 0x0000002819100000,0x0000002819200000] [id=7400]
  0x000001976e539400 GCTaskThread "GC Thread#1" [stack: 0x000000281a400000,0x000000281a500000] [id=6920]
  0x000001976e9463b0 GCTaskThread "GC Thread#2" [stack: 0x000000281a500000,0x000000281a600000] [id=6052]
  0x000001976e946660 GCTaskThread "GC Thread#3" [stack: 0x000000281a600000,0x000000281a700000] [id=8860]
  0x000001975c8c3f50 ConcurrentGCThread "G1 Main Marker" [stack: 0x0000002819200000,0x0000002819300000] [id=10976]
  0x000001975c8c4960 ConcurrentGCThread "G1 Conc#0" [stack: 0x0000002819300000,0x0000002819400000] [id=8420]
  0x000001975c904fc0 ConcurrentGCThread "G1 Refine#0" [stack: 0x0000002819400000,0x0000002819500000] [id=11444]
  0x000001975c9059e0 ConcurrentGCThread "G1 Service" [stack: 0x0000002819500000,0x0000002819600000] [id=4456]

Threads with active compile tasks:

VM state: at safepoint (normal execution)

VM Mutex/Monitor currently owned by a thread:  ([mutex/lock_event])
[0x000001975c883210] Threads_lock - owner thread: 0x000001975c928010
[0x000001975c881dd0] Heap_lock - owner thread: 0x0000019770561a00

Heap address: 0x00000000c2800000, size: 984 MB, Compressed Oops mode: 32-bit

CDS archive(s) mapped at: [0x0000000800000000-0x0000000800bc0000-0x0000000800bc0000), size 12320768, SharedBaseAddress: 0x0000000800000000, ArchiveRelocationMode: 0.
Compressed class space mapped at: 0x0000000800c00000-0x0000000840c00000, reserved size: 1073741824
Narrow klass base: 0x0000000800000000, Narrow klass shift: 0, Narrow klass range: 0x100000000

GC Precious Log:
 CPUs: 4 total, 4 available
 Memory: 3930M
 Large Page Support: Disabled
 NUMA Support: Disabled
 Compressed Oops: Enabled (32-bit)
 Heap Region Size: 1M
 Heap Min Capacity: 8M
 Heap Initial Capacity: 62M
 Heap Max Capacity: 984M
 Pre-touch: Disabled
 Parallel Workers: 4
 Concurrent Workers: 1
 Concurrent Refinement Workers: 4
 Periodic GC: Disabled

Heap:
 garbage-first heap   total 159744K, used 44509K [0x00000000c2800000, 0x0000000100000000)
  region size 1024K, 1 young (1024K), 1 survivors (1024K)
 Metaspace       used 87017K, committed 88128K, reserved 1130496K
  class space    used 12803K, committed 13248K, reserved 1048576K

Heap Regions: E=young(eden), S=young(survivor), O=old, HS=humongous(starts), HC=humongous(continues), CS=collection set, F=free, OA=open archive, CA=closed archive, TAMS=top-at-mark-start (previous, next)
|   0|0x00000000c2800000, 0x00000000c2900000, 0x00000000c2900000|100%|HS|  |TAMS 0x00000000c2900000, 0x00000000c2900000| Complete 
|   1|0x00000000c2900000, 0x00000000c2a00000, 0x00000000c2a00000|100%|HS|  |TAMS 0x00000000c2a00000, 0x00000000c2a00000| Complete 
|   2|0x00000000c2a00000, 0x00000000c2a00000, 0x00000000c2b00000|  0%| F|  |TAMS 0x00000000c2a00000, 0x00000000c2a00000| Untracked 
|   3|0x00000000c2b00000, 0x00000000c2c00000, 0x00000000c2c00000|100%| O|  |TAMS 0x00000000c2c00000, 0x00000000c2c00000| Untracked 
|   4|0x00000000c2c00000, 0x00000000c2d00000, 0x00000000c2d00000|100%| O|  |TAMS 0x00000000c2d00000, 0x00000000c2d00000| Untracked 
|   5|0x00000000c2d00000, 0x00000000c2e00000, 0x00000000c2e00000|100%| O|  |TAMS 0x00000000c2e00000, 0x00000000c2e00000| Untracked 
|   6|0x00000000c2e00000, 0x00000000c2f00000, 0x00000000c2f00000|100%| O|  |TAMS 0x00000000c2f00000, 0x00000000c2f00000| Untracked 
|   7|0x00000000c2f00000, 0x00000000c3000000, 0x00000000c3000000|100%| O|  |TAMS 0x00000000c3000000, 0x00000000c3000000| Untracked 
|   8|0x00000000c3000000, 0x00000000c3100000, 0x00000000c3100000|100%| O|  |TAMS 0x00000000c3100000, 0x00000000c3100000| Untracked 
|   9|0x00000000c3100000, 0x00000000c3200000, 0x00000000c3200000|100%| O|  |TAMS 0x00000000c3200000, 0x00000000c3200000| Untracked 
|  10|0x00000000c3200000, 0x00000000c3300000, 0x00000000c3300000|100%| O|  |TAMS 0x00000000c3300000, 0x00000000c3300000| Untracked 
|  11|0x00000000c3300000, 0x00000000c3400000, 0x00000000c3400000|100%| O|  |TAMS 0x00000000c3400000, 0x00000000c3400000| Untracked 
|  12|0x00000000c3400000, 0x00000000c3500000, 0x00000000c3500000|100%| O|  |TAMS 0x00000000c3500000, 0x00000000c3500000| Untracked 
|  13|0x00000000c3500000, 0x00000000c3600000, 0x00000000c3600000|100%| O|  |TAMS 0x00000000c3600000, 0x00000000c3600000| Untracked 
|  14|0x00000000c3600000, 0x00000000c3700000, 0x00000000c3700000|100%| O|  |TAMS 0x00000000c3700000, 0x00000000c3700000| Untracked 
|  15|0x00000000c3700000, 0x00000000c3700000, 0x00000000c3800000|  0%| F|  |TAMS 0x00000000c3700000, 0x00000000c3700000| Untracked 
|  16|0x00000000c3800000, 0x00000000c3900000, 0x00000000c3900000|100%| O|  |TAMS 0x00000000c3900000, 0x00000000c3900000| Untracked 
|  17|0x00000000c3900000, 0x00000000c3900000, 0x00000000c3a00000|  0%| F|  |TAMS 0x00000000c3900000, 0x00000000c3900000| Untracked 
|  18|0x00000000c3a00000, 0x00000000c3b00000, 0x00000000c3b00000|100%| O|  |TAMS 0x00000000c3b00000, 0x00000000c3b00000| Untracked 
|  19|0x00000000c3b00000, 0x00000000c3c00000, 0x00000000c3c00000|100%| O|  |TAMS 0x00000000c3c00000, 0x00000000c3c00000| Untracked 
|  20|0x00000000c3c00000, 0x00000000c3c00000, 0x00000000c3d00000|  0%| F|  |TAMS 0x00000000c3c00000, 0x00000000c3c00000| Untracked 
|  21|0x00000000c3d00000, 0x00000000c3d00000, 0x00000000c3e00000|  0%| F|  |TAMS 0x00000000c3d00000, 0x00000000c3d00000| Untracked 
|  22|0x00000000c3e00000, 0x00000000c3e00000, 0x00000000c3f00000|  0%| F|  |TAMS 0x00000000c3e00000, 0x00000000c3e00000| Untracked 
|  23|0x00000000c3f00000, 0x00000000c4000000, 0x00000000c4000000|100%| O|  |TAMS 0x00000000c4000000, 0x00000000c4000000| Untracked 
|  24|0x00000000c4000000, 0x00000000c4100000, 0x00000000c4100000|100%| O|  |TAMS 0x00000000c4100000, 0x00000000c4100000| Untracked 
|  25|0x00000000c4100000, 0x00000000c4200000, 0x00000000c4200000|100%| O|  |TAMS 0x00000000c4200000, 0x00000000c4200000| Untracked 
|  26|0x00000000c4200000, 0x00000000c4200000, 0x00000000c4300000|  0%| F|  |TAMS 0x00000000c4200000, 0x00000000c4200000| Untracked 
|  27|0x00000000c4300000, 0x00000000c4400000, 0x00000000c4400000|100%| O|  |TAMS 0x00000000c4400000, 0x00000000c4400000| Untracked 
|  28|0x00000000c4400000, 0x00000000c4500000, 0x00000000c4500000|100%| O|  |TAMS 0x00000000c4500000, 0x00000000c4500000| Untracked 
|  29|0x00000000c4500000, 0x00000000c4600000, 0x00000000c4600000|100%| O|  |TAMS 0x00000000c4600000, 0x00000000c4600000| Untracked 
|  30|0x00000000c4600000, 0x00000000c4700000, 0x00000000c4700000|100%| O|  |TAMS 0x00000000c4700000, 0x00000000c4700000| Untracked 
|  31|0x00000000c4700000, 0x00000000c4800000, 0x00000000c4800000|100%| O|  |TAMS 0x00000000c4800000, 0x00000000c4800000| Untracked 
|  32|0x00000000c4800000, 0x00000000c4900000, 0x00000000c4900000|100%| O|  |TAMS 0x00000000c4900000, 0x00000000c4900000| Untracked 
|  33|0x00000000c4900000, 0x00000000c4a00000, 0x00000000c4a00000|100%| O|  |TAMS 0x00000000c4a00000, 0x00000000c4a00000| Untracked 
|  34|0x00000000c4a00000, 0x00000000c4b00000, 0x00000000c4b00000|100%| O|  |TAMS 0x00000000c4b00000, 0x00000000c4b00000| Untracked 
|  35|0x00000000c4b00000, 0x00000000c4c00000, 0x00000000c4c00000|100%| O|  |TAMS 0x00000000c4c00000, 0x00000000c4c00000| Untracked 
|  36|0x00000000c4c00000, 0x00000000c4d00000, 0x00000000c4d00000|100%| O|  |TAMS 0x00000000c4d00000, 0x00000000c4d00000| Untracked 
|  37|0x00000000c4d00000, 0x00000000c4e00000, 0x00000000c4e00000|100%| O|  |TAMS 0x00000000c4e00000, 0x00000000c4e00000| Untracked 
|  38|0x00000000c4e00000, 0x00000000c4e00000, 0x00000000c4f00000|  0%| F|  |TAMS 0x00000000c4e00000, 0x00000000c4e00000| Untracked 
|  39|0x00000000c4f00000, 0x00000000c5000000, 0x00000000c5000000|100%| O|  |TAMS 0x00000000c5000000, 0x00000000c5000000| Untracked 
|  40|0x00000000c5000000, 0x00000000c5100000, 0x00000000c5100000|100%| O|  |TAMS 0x00000000c5100000, 0x00000000c5100000| Untracked 
|  41|0x00000000c5100000, 0x00000000c5200000, 0x00000000c5200000|100%| O|  |TAMS 0x00000000c5134e00, 0x00000000c5200000| Untracked 
|  42|0x00000000c5200000, 0x00000000c5300000, 0x00000000c5300000|100%| O|  |TAMS 0x00000000c5200000, 0x00000000c5300000| Untracked 
|  43|0x00000000c5300000, 0x00000000c5400000, 0x00000000c5400000|100%| O|  |TAMS 0x00000000c5300000, 0x00000000c5400000| Untracked 
|  44|0x00000000c5400000, 0x00000000c5500000, 0x00000000c5500000|100%| O|  |TAMS 0x00000000c5400000, 0x00000000c5500000| Untracked 
|  45|0x00000000c5500000, 0x00000000c5600000, 0x00000000c5600000|100%| O|  |TAMS 0x00000000c5500000, 0x00000000c5600000| Untracked 
|  46|0x00000000c5600000, 0x00000000c5700000, 0x00000000c5700000|100%| O|  |TAMS 0x00000000c5600000, 0x00000000c5700000| Untracked 
|  47|0x00000000c5700000, 0x00000000c5800000, 0x00000000c5800000|100%| O|  |TAMS 0x00000000c5700000, 0x00000000c5800000| Untracked 
|  48|0x00000000c5800000, 0x00000000c5900000, 0x00000000c5900000|100%| O|  |TAMS 0x00000000c5800000, 0x00000000c5900000| Untracked 
|  49|0x00000000c5900000, 0x00000000c5a00000, 0x00000000c5a00000|100%| O|  |TAMS 0x00000000c5900000, 0x00000000c5a00000| Untracked 
|  50|0x00000000c5a00000, 0x00000000c5b00000, 0x00000000c5b00000|100%| O|  |TAMS 0x00000000c5a00000, 0x00000000c5b00000| Untracked 
|  51|0x00000000c5b00000, 0x00000000c5b20400, 0x00000000c5c00000| 12%| O|  |TAMS 0x00000000c5b00000, 0x00000000c5b20400| Untracked 
|  52|0x00000000c5c00000, 0x00000000c5c00000, 0x00000000c5d00000|  0%| F|  |TAMS 0x00000000c5c00000, 0x00000000c5c00000| Untracked 
|  53|0x00000000c5d00000, 0x00000000c5d00000, 0x00000000c5e00000|  0%| F|  |TAMS 0x00000000c5d00000, 0x00000000c5d00000| Untracked 
|  54|0x00000000c5e00000, 0x00000000c5e00000, 0x00000000c5f00000|  0%| F|  |TAMS 0x00000000c5e00000, 0x00000000c5e00000| Untracked 
|  55|0x00000000c5f00000, 0x00000000c5f00000, 0x00000000c6000000|  0%| F|  |TAMS 0x00000000c5f00000, 0x00000000c5f00000| Untracked 
|  56|0x00000000c6000000, 0x00000000c6057360, 0x00000000c6100000| 34%| S|CS|TAMS 0x00000000c6000000, 0x00000000c6000000| Complete 
|  57|0x00000000c6100000, 0x00000000c6100000, 0x00000000c6200000|  0%| F|  |TAMS 0x00000000c6100000, 0x00000000c6100000| Untracked 
|  58|0x00000000c6200000, 0x00000000c6200000, 0x00000000c6300000|  0%| F|  |TAMS 0x00000000c6200000, 0x00000000c6200000| Untracked 
|  59|0x00000000c6300000, 0x00000000c6300000, 0x00000000c6400000|  0%| F|  |TAMS 0x00000000c6300000, 0x00000000c6300000| Untracked 
|  60|0x00000000c6400000, 0x00000000c6400000, 0x00000000c6500000|  0%| F|  |TAMS 0x00000000c6400000, 0x00000000c6400000| Untracked 
|  61|0x00000000c6500000, 0x00000000c6500000, 0x00000000c6600000|  0%| F|  |TAMS 0x00000000c6500000, 0x00000000c6500000| Untracked 
|  62|0x00000000c6600000, 0x00000000c6600000, 0x00000000c6700000|  0%| F|  |TAMS 0x00000000c6600000, 0x00000000c6600000| Untracked 
|  63|0x00000000c6700000, 0x00000000c6700000, 0x00000000c6800000|  0%| F|  |TAMS 0x00000000c6700000, 0x00000000c6700000| Untracked 
|  64|0x00000000c6800000, 0x00000000c6800000, 0x00000000c6900000|  0%| F|  |TAMS 0x00000000c6800000, 0x00000000c6800000| Untracked 
|  65|0x00000000c6900000, 0x00000000c6900000, 0x00000000c6a00000|  0%| F|  |TAMS 0x00000000c6900000, 0x00000000c6900000| Untracked 
|  66|0x00000000c6a00000, 0x00000000c6a00000, 0x00000000c6b00000|  0%| F|  |TAMS 0x00000000c6a00000, 0x00000000c6a00000| Untracked 
|  67|0x00000000c6b00000, 0x00000000c6b00000, 0x00000000c6c00000|  0%| F|  |TAMS 0x00000000c6b00000, 0x00000000c6b00000| Untracked 
|  68|0x00000000c6c00000, 0x00000000c6c00000, 0x00000000c6d00000|  0%| F|  |TAMS 0x00000000c6c00000, 0x00000000c6c00000| Untracked 
|  69|0x00000000c6d00000, 0x00000000c6d00000, 0x00000000c6e00000|  0%| F|  |TAMS 0x00000000c6d00000, 0x00000000c6d00000| Untracked 
|  70|0x00000000c6e00000, 0x00000000c6e00000, 0x00000000c6f00000|  0%| F|  |TAMS 0x00000000c6e00000, 0x00000000c6e00000| Untracked 
|  71|0x00000000c6f00000, 0x00000000c6f00000, 0x00000000c7000000|  0%| F|  |TAMS 0x00000000c6f00000, 0x00000000c6f00000| Untracked 
|  72|0x00000000c7000000, 0x00000000c7000000, 0x00000000c7100000|  0%| F|  |TAMS 0x00000000c7000000, 0x00000000c7000000| Untracked 
|  73|0x00000000c7100000, 0x00000000c7100000, 0x00000000c7200000|  0%| F|  |TAMS 0x00000000c7100000, 0x00000000c7100000| Untracked 
|  74|0x00000000c7200000, 0x00000000c7200000, 0x00000000c7300000|  0%| F|  |TAMS 0x00000000c7200000, 0x00000000c7200000| Untracked 
|  75|0x00000000c7300000, 0x00000000c7300000, 0x00000000c7400000|  0%| F|  |TAMS 0x00000000c7300000, 0x00000000c7300000| Untracked 
|  76|0x00000000c7400000, 0x00000000c7400000, 0x00000000c7500000|  0%| F|  |TAMS 0x00000000c7400000, 0x00000000c7400000| Untracked 
|  77|0x00000000c7500000, 0x00000000c7500000, 0x00000000c7600000|  0%| F|  |TAMS 0x00000000c7500000, 0x00000000c7500000| Untracked 
|  78|0x00000000c7600000, 0x00000000c7600000, 0x00000000c7700000|  0%| F|  |TAMS 0x00000000c7600000, 0x00000000c7600000| Untracked 
|  79|0x00000000c7700000, 0x00000000c7700000, 0x00000000c7800000|  0%| F|  |TAMS 0x00000000c7700000, 0x00000000c7700000| Untracked 
|  80|0x00000000c7800000, 0x00000000c7800000, 0x00000000c7900000|  0%| F|  |TAMS 0x00000000c7800000, 0x00000000c7800000| Untracked 
|  81|0x00000000c7900000, 0x00000000c7900000, 0x00000000c7a00000|  0%| F|  |TAMS 0x00000000c7900000, 0x00000000c7900000| Untracked 
|  82|0x00000000c7a00000, 0x00000000c7a00000, 0x00000000c7b00000|  0%| F|  |TAMS 0x00000000c7a00000, 0x00000000c7a00000| Untracked 
|  83|0x00000000c7b00000, 0x00000000c7b00000, 0x00000000c7c00000|  0%| F|  |TAMS 0x00000000c7b00000, 0x00000000c7b00000| Untracked 
|  84|0x00000000c7c00000, 0x00000000c7c00000, 0x00000000c7d00000|  0%| F|  |TAMS 0x00000000c7c00000, 0x00000000c7c00000| Untracked 
|  85|0x00000000c7d00000, 0x00000000c7d00000, 0x00000000c7e00000|  0%| F|  |TAMS 0x00000000c7d00000, 0x00000000c7d00000| Untracked 
|  86|0x00000000c7e00000, 0x00000000c7e00000, 0x00000000c7f00000|  0%| F|  |TAMS 0x00000000c7e00000, 0x00000000c7e00000| Untracked 
|  87|0x00000000c7f00000, 0x00000000c7f00000, 0x00000000c8000000|  0%| F|  |TAMS 0x00000000c7f00000, 0x00000000c7f00000| Untracked 
|  88|0x00000000c8000000, 0x00000000c8000000, 0x00000000c8100000|  0%| F|  |TAMS 0x00000000c8000000, 0x00000000c8000000| Untracked 
|  89|0x00000000c8100000, 0x00000000c8100000, 0x00000000c8200000|  0%| F|  |TAMS 0x00000000c8100000, 0x00000000c8100000| Untracked 
|  90|0x00000000c8200000, 0x00000000c8200000, 0x00000000c8300000|  0%| F|  |TAMS 0x00000000c8200000, 0x00000000c8200000| Untracked 
|  91|0x00000000c8300000, 0x00000000c8300000, 0x00000000c8400000|  0%| F|  |TAMS 0x00000000c8300000, 0x00000000c8300000| Untracked 
|  92|0x00000000c8400000, 0x00000000c8400000, 0x00000000c8500000|  0%| F|  |TAMS 0x00000000c8400000, 0x00000000c8400000| Untracked 
|  93|0x00000000c8500000, 0x00000000c8500000, 0x00000000c8600000|  0%| F|  |TAMS 0x00000000c8500000, 0x00000000c8500000| Untracked 
|  94|0x00000000c8600000, 0x00000000c8600000, 0x00000000c8700000|  0%| F|  |TAMS 0x00000000c8600000, 0x00000000c8600000| Untracked 
|  95|0x00000000c8700000, 0x00000000c8700000, 0x00000000c8800000|  0%| F|  |TAMS 0x00000000c8700000, 0x00000000c8700000| Untracked 
|  96|0x00000000c8800000, 0x00000000c8800000, 0x00000000c8900000|  0%| F|  |TAMS 0x00000000c8800000, 0x00000000c8800000| Untracked 
|  97|0x00000000c8900000, 0x00000000c8900000, 0x00000000c8a00000|  0%| F|  |TAMS 0x00000000c8900000, 0x00000000c8900000| Untracked 
|  98|0x00000000c8a00000, 0x00000000c8a00000, 0x00000000c8b00000|  0%| F|  |TAMS 0x00000000c8a00000, 0x00000000c8a00000| Untracked 
|  99|0x00000000c8b00000, 0x00000000c8b00000, 0x00000000c8c00000|  0%| F|  |TAMS 0x00000000c8b00000, 0x00000000c8b00000| Untracked 
| 100|0x00000000c8c00000, 0x00000000c8c00000, 0x00000000c8d00000|  0%| F|  |TAMS 0x00000000c8c00000, 0x00000000c8c00000| Untracked 
| 101|0x00000000c8d00000, 0x00000000c8d00000, 0x00000000c8e00000|  0%| F|  |TAMS 0x00000000c8d00000, 0x00000000c8d00000| Untracked 
| 102|0x00000000c8e00000, 0x00000000c8e00000, 0x00000000c8f00000|  0%| F|  |TAMS 0x00000000c8e00000, 0x00000000c8e00000| Untracked 
| 103|0x00000000c8f00000, 0x00000000c8f00000, 0x00000000c9000000|  0%| F|  |TAMS 0x00000000c8f00000, 0x00000000c8f00000| Untracked 
| 104|0x00000000c9000000, 0x00000000c9000000, 0x00000000c9100000|  0%| F|  |TAMS 0x00000000c9000000, 0x00000000c9000000| Untracked 
| 105|0x00000000c9100000, 0x00000000c9100000, 0x00000000c9200000|  0%| F|  |TAMS 0x00000000c9100000, 0x00000000c9100000| Untracked 
| 106|0x00000000c9200000, 0x00000000c9200000, 0x00000000c9300000|  0%| F|  |TAMS 0x00000000c9200000, 0x00000000c9200000| Untracked 
| 107|0x00000000c9300000, 0x00000000c9300000, 0x00000000c9400000|  0%| F|  |TAMS 0x00000000c9300000, 0x00000000c9300000| Untracked 
| 108|0x00000000c9400000, 0x00000000c9400000, 0x00000000c9500000|  0%| F|  |TAMS 0x00000000c9400000, 0x00000000c9400000| Untracked 
| 109|0x00000000c9500000, 0x00000000c9500000, 0x00000000c9600000|  0%| F|  |TAMS 0x00000000c9500000, 0x00000000c9500000| Untracked 
| 110|0x00000000c9600000, 0x00000000c9600000, 0x00000000c9700000|  0%| F|  |TAMS 0x00000000c9600000, 0x00000000c9600000| Untracked 
| 111|0x00000000c9700000, 0x00000000c9700000, 0x00000000c9800000|  0%| F|  |TAMS 0x00000000c9700000, 0x00000000c9700000| Untracked 
| 112|0x00000000c9800000, 0x00000000c9800000, 0x00000000c9900000|  0%| F|  |TAMS 0x00000000c9800000, 0x00000000c9800000| Untracked 
| 113|0x00000000c9900000, 0x00000000c9900000, 0x00000000c9a00000|  0%| F|  |TAMS 0x00000000c9900000, 0x00000000c9900000| Untracked 
| 114|0x00000000c9a00000, 0x00000000c9a00000, 0x00000000c9b00000|  0%| F|  |TAMS 0x00000000c9a00000, 0x00000000c9a00000| Untracked 
| 115|0x00000000c9b00000, 0x00000000c9b00000, 0x00000000c9c00000|  0%| F|  |TAMS 0x00000000c9b00000, 0x00000000c9b00000| Untracked 
| 116|0x00000000c9c00000, 0x00000000c9c00000, 0x00000000c9d00000|  0%| F|  |TAMS 0x00000000c9c00000, 0x00000000c9c00000| Untracked 
| 117|0x00000000c9d00000, 0x00000000c9d00000, 0x00000000c9e00000|  0%| F|  |TAMS 0x00000000c9d00000, 0x00000000c9d00000| Untracked 
| 118|0x00000000c9e00000, 0x00000000c9e00000, 0x00000000c9f00000|  0%| F|  |TAMS 0x00000000c9e00000, 0x00000000c9e00000| Untracked 
| 119|0x00000000c9f00000, 0x00000000c9f00000, 0x00000000ca000000|  0%| F|  |TAMS 0x00000000c9f00000, 0x00000000c9f00000| Untracked 
| 120|0x00000000ca000000, 0x00000000ca000000, 0x00000000ca100000|  0%| F|  |TAMS 0x00000000ca000000, 0x00000000ca000000| Untracked 
| 121|0x00000000ca100000, 0x00000000ca100000, 0x00000000ca200000|  0%| F|  |TAMS 0x00000000ca100000, 0x00000000ca100000| Untracked 
| 122|0x00000000ca200000, 0x00000000ca200000, 0x00000000ca300000|  0%| F|  |TAMS 0x00000000ca200000, 0x00000000ca200000| Untracked 
| 123|0x00000000ca300000, 0x00000000ca300000, 0x00000000ca400000|  0%| F|  |TAMS 0x00000000ca300000, 0x00000000ca300000| Untracked 
| 124|0x00000000ca400000, 0x00000000ca400000, 0x00000000ca500000|  0%| F|  |TAMS 0x00000000ca400000, 0x00000000ca400000| Untracked 
| 125|0x00000000ca500000, 0x00000000ca500000, 0x00000000ca600000|  0%| F|  |TAMS 0x00000000ca500000, 0x00000000ca500000| Untracked 
| 126|0x00000000ca600000, 0x00000000ca600000, 0x00000000ca700000|  0%| F|  |TAMS 0x00000000ca600000, 0x00000000ca600000| Untracked 
| 127|0x00000000ca700000, 0x00000000ca700000, 0x00000000ca800000|  0%| F|  |TAMS 0x00000000ca700000, 0x00000000ca700000| Untracked 
| 128|0x00000000ca800000, 0x00000000ca800000, 0x00000000ca900000|  0%| F|  |TAMS 0x00000000ca800000, 0x00000000ca800000| Untracked 
| 129|0x00000000ca900000, 0x00000000ca900000, 0x00000000caa00000|  0%| F|  |TAMS 0x00000000ca900000, 0x00000000ca900000| Untracked 
| 130|0x00000000caa00000, 0x00000000caa00000, 0x00000000cab00000|  0%| F|  |TAMS 0x00000000caa00000, 0x00000000caa00000| Untracked 
| 131|0x00000000cab00000, 0x00000000cab00000, 0x00000000cac00000|  0%| F|  |TAMS 0x00000000cab00000, 0x00000000cab00000| Untracked 
| 132|0x00000000cac00000, 0x00000000cac00000, 0x00000000cad00000|  0%| F|  |TAMS 0x00000000cac00000, 0x00000000cac00000| Untracked 
| 133|0x00000000cad00000, 0x00000000cad00000, 0x00000000cae00000|  0%| F|  |TAMS 0x00000000cad00000, 0x00000000cad00000| Untracked 
| 134|0x00000000cae00000, 0x00000000cae00000, 0x00000000caf00000|  0%| F|  |TAMS 0x00000000cae00000, 0x00000000cae00000| Untracked 
| 135|0x00000000caf00000, 0x00000000caf00000, 0x00000000cb000000|  0%| F|  |TAMS 0x00000000caf00000, 0x00000000caf00000| Untracked 
| 136|0x00000000cb000000, 0x00000000cb000000, 0x00000000cb100000|  0%| F|  |TAMS 0x00000000cb000000, 0x00000000cb000000| Untracked 
| 137|0x00000000cb100000, 0x00000000cb100000, 0x00000000cb200000|  0%| F|  |TAMS 0x00000000cb100000, 0x00000000cb100000| Untracked 
| 138|0x00000000cb200000, 0x00000000cb200000, 0x00000000cb300000|  0%| F|  |TAMS 0x00000000cb200000, 0x00000000cb200000| Untracked 
| 139|0x00000000cb300000, 0x00000000cb300000, 0x00000000cb400000|  0%| F|  |TAMS 0x00000000cb300000, 0x00000000cb300000| Untracked 
| 140|0x00000000cb400000, 0x00000000cb400000, 0x00000000cb500000|  0%| F|  |TAMS 0x00000000cb400000, 0x00000000cb400000| Untracked 
| 141|0x00000000cb500000, 0x00000000cb500000, 0x00000000cb600000|  0%| F|  |TAMS 0x00000000cb500000, 0x00000000cb500000| Untracked 
| 142|0x00000000cb600000, 0x00000000cb600000, 0x00000000cb700000|  0%| F|  |TAMS 0x00000000cb600000, 0x00000000cb600000| Untracked 
| 143|0x00000000cb700000, 0x00000000cb700000, 0x00000000cb800000|  0%| F|  |TAMS 0x00000000cb700000, 0x00000000cb700000| Untracked 
| 144|0x00000000cb800000, 0x00000000cb800000, 0x00000000cb900000|  0%| F|  |TAMS 0x00000000cb800000, 0x00000000cb800000| Untracked 
| 145|0x00000000cb900000, 0x00000000cb900000, 0x00000000cba00000|  0%| F|  |TAMS 0x00000000cb900000, 0x00000000cb900000| Untracked 
| 146|0x00000000cba00000, 0x00000000cba00000, 0x00000000cbb00000|  0%| F|  |TAMS 0x00000000cba00000, 0x00000000cba00000| Untracked 
| 147|0x00000000cbb00000, 0x00000000cbb00000, 0x00000000cbc00000|  0%| F|  |TAMS 0x00000000cbb00000, 0x00000000cbb00000| Untracked 
| 148|0x00000000cbc00000, 0x00000000cbc00000, 0x00000000cbd00000|  0%| F|  |TAMS 0x00000000cbc00000, 0x00000000cbc00000| Untracked 
| 149|0x00000000cbd00000, 0x00000000cbd00000, 0x00000000cbe00000|  0%| F|  |TAMS 0x00000000cbd00000, 0x00000000cbd00000| Untracked 
| 150|0x00000000cbe00000, 0x00000000cbe00000, 0x00000000cbf00000|  0%| F|  |TAMS 0x00000000cbe00000, 0x00000000cbe00000| Untracked 
| 151|0x00000000cbf00000, 0x00000000cbf00000, 0x00000000cc000000|  0%| F|  |TAMS 0x00000000cbf00000, 0x00000000cbf00000| Untracked 
| 152|0x00000000cc000000, 0x00000000cc000000, 0x00000000cc100000|  0%| F|  |TAMS 0x00000000cc000000, 0x00000000cc000000| Untracked 
| 153|0x00000000cc100000, 0x00000000cc100000, 0x00000000cc200000|  0%| F|  |TAMS 0x00000000cc100000, 0x00000000cc100000| Untracked 
| 154|0x00000000cc200000, 0x00000000cc200000, 0x00000000cc300000|  0%| F|  |TAMS 0x00000000cc200000, 0x00000000cc200000| Untracked 
| 155|0x00000000cc300000, 0x00000000cc300000, 0x00000000cc400000|  0%| F|  |TAMS 0x00000000cc300000, 0x00000000cc300000| Untracked 

Card table byte_map: [0x0000019768ef0000,0x00000197690e0000] _byte_map_base: 0x00000197688dc000

Marking Bits (Prev, Next): (CMBitMap*) 0x000001975c8bbae0, (CMBitMap*) 0x000001975c8bbaa0
 Prev Bits: [0x000001976a230000, 0x000001976b190000)
 Next Bits: [0x00000197692d0000, 0x000001976a230000)

Polling page: 0x000001975c940000

Metaspace:

Usage:
  Non-class:     72.47 MB used.
      Class:     12.50 MB used.
       Both:     84.98 MB used.

Virtual space:
  Non-class space:       80.00 MB reserved,      73.12 MB ( 91%) committed,  10 nodes.
      Class space:        1.00 GB reserved,      12.94 MB (  1%) committed,  1 nodes.
             Both:        1.08 GB reserved,      86.06 MB (  8%) committed. 

Chunk freelists:
   Non-Class:  2.95 MB
       Class:  3.18 MB
        Both:  6.13 MB

MaxMetaspaceSize: unlimited
CompressedClassSpaceSize: 1.00 GB
Initial GC threshold: 21.00 MB
Current GC threshold: 143.44 MB
CDS: on
MetaspaceReclaimPolicy: balanced
 - commit_granule_bytes: 65536.
 - commit_granule_words: 8192.
 - virtual_space_node_default_size: 1048576.
 - enlarge_chunks_in_place: 1.
 - new_chunks_are_fully_committed: 0.
 - uncommit_free_chunks: 1.
 - use_allocation_guard: 0.
 - handle_deallocations: 1.


Internal statistics:

num_allocs_failed_limit: 12.
num_arena_births: 1150.
num_arena_deaths: 286.
num_vsnodes_births: 11.
num_vsnodes_deaths: 0.
num_space_committed: 1377.
num_space_uncommitted: 0.
num_chunks_returned_to_freelist: 331.
num_chunks_taken_from_freelist: 4544.
num_chunk_merges: 110.
num_chunk_splits: 3292.
num_chunks_enlarged: 2574.
num_purges: 2.
num_inconsistent_stats: 0.

CodeCache: size=49152Kb used=16256Kb max_used=16256Kb free=32895Kb
 bounds [0x0000019765860000, 0x0000019766870000, 0x0000019768860000]
 total_blobs=10253 nmethods=9434 adapters=743
 compilation: enabled
              stopped_count=0, restarted_count=0
 full_count=0

Compilation events (20 events):
Event: 267.984 Thread 0x00000197732ff020 9432       1       org.apache.catalina.core.ApplicationMapping$MappingImpl::getMappingMatch (5 bytes)
Event: 267.985 Thread 0x00000197732ff020 nmethod 9432 0x000001976674f610 code [0x000001976674f7a0, 0x000001976674f878]
Event: 267.985 Thread 0x00000197732ff020 9433       1       org.springframework.web.servlet.handler.HandlerMappingIntrospector$AttributesPreservingRequest::setAttribute (13 bytes)
Event: 267.985 Thread 0x00000197732ff020 nmethod 9433 0x000001976674f310 code [0x000001976674f4a0, 0x000001976674f588]
Event: 267.991 Thread 0x00000197732ff020 9434       1       com.fasterxml.jackson.core.JsonGenerator$Feature::getMask (5 bytes)
Event: 267.991 Thread 0x00000197732ff020 nmethod 9434 0x000001976674f010 code [0x000001976674f1a0, 0x000001976674f278]
Event: 268.000 Thread 0x00000197732ff020 9435       1       jakarta.servlet.http.HttpServletRequestWrapper::getContextPath (10 bytes)
Event: 268.001 Thread 0x00000197732ff020 nmethod 9435 0x000001976674ec90 code [0x000001976674ee20, 0x000001976674ef68]
Event: 268.008 Thread 0x000001976d731370 9436       1       jakarta.servlet.ServletRequestWrapper::getCharacterEncoding (10 bytes)
Event: 268.008 Thread 0x000001976d731370 nmethod 9436 0x000001976674e990 code [0x000001976674eb20, 0x000001976674ec08]
Event: 268.009 Thread 0x000001976d731370 9437       1       org.springframework.util.LinkedCaseInsensitiveMap$KeySetIterator::next (5 bytes)
Event: 268.009 Thread 0x00000197732ff020 9438       1       org.springframework.util.LinkedCaseInsensitiveMap$KeySetIterator::next (13 bytes)
Event: 268.009 Thread 0x000001976d731370 nmethod 9437 0x000001976674e490 code [0x000001976674e640, 0x000001976674e858]
Event: 268.009 Thread 0x000001976d731370 9439       1       org.springframework.util.LinkedCaseInsensitiveMap$EntryIterator::nextEntry (20 bytes)
Event: 268.009 Thread 0x00000197732ff020 nmethod 9438 0x000001976674df90 code [0x000001976674e140, 0x000001976674e358]
Event: 268.010 Thread 0x000001976d731370 nmethod 9439 0x000001976674db90 code [0x000001976674dd40, 0x000001976674dee8]
Event: 268.032 Thread 0x000001976d731370 9440   !   1       java.util.ServiceLoader$LazyClassPathLookupIterator::nextProviderClass (248 bytes)
Event: 268.039 Thread 0x000001976d731370 nmethod 9440 0x000001976674be90 code [0x000001976674c260, 0x000001976674d1d8]
Event: 268.039 Thread 0x000001976d731370 9441       1       java.io.BufferedReader::fill (170 bytes)
Event: 268.040 Thread 0x000001976d731370 nmethod 9441 0x000001976674b710 code [0x000001976674b8e0, 0x000001976674bce8]

GC Heap History (20 events):
Event: 22.070 GC heap after
{Heap after GC invocations=26 (full 0):
 garbage-first heap   total 90112K, used 37086K [0x00000000c2800000, 0x0000000100000000)
  region size 1024K, 5 young (5120K), 5 survivors (5120K)
 Metaspace       used 70140K, committed 70720K, reserved 1114112K
  class space    used 10409K, committed 10688K, reserved 1048576K
}
Event: 27.943 GC heap before
{Heap before GC invocations=26 (full 0):
 garbage-first heap   total 90112K, used 72926K [0x00000000c2800000, 0x0000000100000000)
  region size 1024K, 40 young (40960K), 5 survivors (5120K)
 Metaspace       used 75063K, committed 75712K, reserved 1114112K
  class space    used 11088K, committed 11392K, reserved 1048576K
}
Event: 27.966 GC heap after
{Heap after GC invocations=27 (full 0):
 garbage-first heap   total 90112K, used 39514K [0x00000000c2800000, 0x0000000100000000)
  region size 1024K, 5 young (5120K), 5 survivors (5120K)
 Metaspace       used 75063K, committed 75712K, reserved 1114112K
  class space    used 11088K, committed 11392K, reserved 1048576K
}
Event: 29.725 GC heap before
{Heap before GC invocations=27 (full 0):
 garbage-first heap   total 90112K, used 72282K [0x00000000c2800000, 0x0000000100000000)
  region size 1024K, 38 young (38912K), 5 survivors (5120K)
 Metaspace       used 76924K, committed 77632K, reserved 1122304K
  class space    used 11376K, committed 11712K, reserved 1048576K
}
Event: 29.734 GC heap after
{Heap after GC invocations=28 (full 0):
 garbage-first heap   total 90112K, used 42552K [0x00000000c2800000, 0x0000000100000000)
  region size 1024K, 3 young (3072K), 3 survivors (3072K)
 Metaspace       used 76924K, committed 77632K, reserved 1122304K
  class space    used 11376K, committed 11712K, reserved 1048576K
}
Event: 30.587 GC heap before
{Heap before GC invocations=28 (full 0):
 garbage-first heap   total 90112K, used 74296K [0x00000000c2800000, 0x0000000100000000)
  region size 1024K, 34 young (34816K), 3 survivors (3072K)
 Metaspace       used 79072K, committed 79744K, reserved 1122304K
  class space    used 11654K, committed 11968K, reserved 1048576K
}
Event: 30.594 GC heap after
{Heap after GC invocations=29 (full 0):
 garbage-first heap   total 90112K, used 44290K [0x00000000c2800000, 0x0000000100000000)
  region size 1024K, 5 young (5120K), 5 survivors (5120K)
 Metaspace       used 79072K, committed 79744K, reserved 1122304K
  class space    used 11654K, committed 11968K, reserved 1048576K
}
Event: 31.779 GC heap before
{Heap before GC invocations=29 (full 0):
 garbage-first heap   total 90112K, used 73986K [0x00000000c2800000, 0x0000000100000000)
  region size 1024K, 34 young (34816K), 5 survivors (5120K)
 Metaspace       used 82093K, committed 82816K, reserved 1122304K
  class space    used 12136K, committed 12480K, reserved 1048576K
}
Event: 31.797 GC heap after
{Heap after GC invocations=30 (full 0):
 garbage-first heap   total 90112K, used 46684K [0x00000000c2800000, 0x0000000100000000)
  region size 1024K, 5 young (5120K), 5 survivors (5120K)
 Metaspace       used 82093K, committed 82816K, reserved 1122304K
  class space    used 12136K, committed 12480K, reserved 1048576K
}
Event: 221.434 GC heap before
{Heap before GC invocations=30 (full 0):
 garbage-first heap   total 90112K, used 72284K [0x00000000c2800000, 0x0000000100000000)
  region size 1024K, 31 young (31744K), 5 survivors (5120K)
 Metaspace       used 87280K, committed 88064K, reserved 1130496K
  class space    used 12863K, committed 13248K, reserved 1048576K
}
Event: 221.594 GC heap after
{Heap after GC invocations=31 (full 0):
 garbage-first heap   total 90112K, used 48316K [0x00000000c2800000, 0x0000000100000000)
  region size 1024K, 3 young (3072K), 3 survivors (3072K)
 Metaspace       used 87280K, committed 88064K, reserved 1130496K
  class space    used 12863K, committed 13248K, reserved 1048576K
}
Event: 268.365 GC heap before
{Heap before GC invocations=32 (full 0):
 garbage-first heap   total 90112K, used 72892K [0x00000000c2800000, 0x0000000100000000)
  region size 1024K, 28 young (28672K), 3 survivors (3072K)
 Metaspace       used 87017K, committed 88128K, reserved 1130496K
  class space    used 12803K, committed 13248K, reserved 1048576K
}
Event: 268.439 GC heap after
{Heap after GC invocations=33 (full 0):
 garbage-first heap   total 90112K, used 48117K [0x00000000c2800000, 0x0000000100000000)
  region size 1024K, 2 young (2048K), 2 survivors (2048K)
 Metaspace       used 87017K, committed 88128K, reserved 1130496K
  class space    used 12803K, committed 13248K, reserved 1048576K
}
Event: 268.448 GC heap before
{Heap before GC invocations=33 (full 0):
 garbage-first heap   total 90112K, used 49141K [0x00000000c2800000, 0x0000000100000000)
  region size 1024K, 4 young (4096K), 2 survivors (2048K)
 Metaspace       used 87017K, committed 88128K, reserved 1130496K
  class space    used 12803K, committed 13248K, reserved 1048576K
}
Event: 268.514 GC heap after
{Heap after GC invocations=34 (full 0):
 garbage-first heap   total 90112K, used 44636K [0x00000000c2800000, 0x0000000100000000)
  region size 1024K, 1 young (1024K), 1 survivors (1024K)
 Metaspace       used 87017K, committed 88128K, reserved 1130496K
  class space    used 12803K, committed 13248K, reserved 1048576K
}
Event: 268.537 GC heap before
{Heap before GC invocations=34 (full 0):
 garbage-first heap   total 90112K, used 73308K [0x00000000c2800000, 0x0000000100000000)
  region size 1024K, 30 young (30720K), 1 survivors (1024K)
 Metaspace       used 87017K, committed 88128K, reserved 1130496K
  class space    used 12803K, committed 13248K, reserved 1048576K
}
Event: 268.549 GC heap after
{Heap after GC invocations=35 (full 0):
 garbage-first heap   total 90112K, used 44544K [0x00000000c2800000, 0x0000000100000000)
  region size 1024K, 1 young (1024K), 1 survivors (1024K)
 Metaspace       used 87017K, committed 88128K, reserved 1130496K
  class space    used 12803K, committed 13248K, reserved 1048576K
}
Event: 268.571 GC heap before
{Heap before GC invocations=35 (full 0):
 garbage-first heap   total 90112K, used 73216K [0x00000000c2800000, 0x0000000100000000)
  region size 1024K, 30 young (30720K), 1 survivors (1024K)
 Metaspace       used 87017K, committed 88128K, reserved 1130496K
  class space    used 12803K, committed 13248K, reserved 1048576K
}
Event: 268.572 GC heap after
{Heap after GC invocations=36 (full 0):
 garbage-first heap   total 90112K, used 44502K [0x00000000c2800000, 0x0000000100000000)
  region size 1024K, 1 young (1024K), 1 survivors (1024K)
 Metaspace       used 87017K, committed 88128K, reserved 1130496K
  class space    used 12803K, committed 13248K, reserved 1048576K
}
Event: 268.589 GC heap before
{Heap before GC invocations=36 (full 0):
 garbage-first heap   total 90112K, used 74198K [0x00000000c2800000, 0x0000000100000000)
  region size 1024K, 31 young (31744K), 1 survivors (1024K)
 Metaspace       used 87017K, committed 88128K, reserved 1130496K
  class space    used 12803K, committed 13248K, reserved 1048576K
}

Deoptimization events (20 events):
Event: 0.183 Thread 0x000001975c8866a0 DEOPT PACKING pc=0x0000019765ac9ddd sp=0x00000028190fdf80
Event: 0.183 Thread 0x000001975c8866a0 DEOPT UNPACKING pc=0x00000197658b2b43 sp=0x00000028190fd4e0 mode 3
Event: 0.535 Thread 0x000001975c8866a0 DEOPT PACKING pc=0x0000019765bb0375 sp=0x00000028190fd4f0
Event: 0.535 Thread 0x000001975c8866a0 DEOPT UNPACKING pc=0x00000197658b2b43 sp=0x00000028190fc960 mode 3
Event: 1.175 Thread 0x000001975c8866a0 DEOPT PACKING pc=0x0000019765d19a19 sp=0x00000028190fd130
Event: 1.175 Thread 0x000001975c8866a0 DEOPT UNPACKING pc=0x00000197658b2b43 sp=0x00000028190fc610 mode 3
Event: 1.360 Thread 0x000001975c8866a0 DEOPT PACKING pc=0x0000019765d6c1d5 sp=0x00000028190fd7d0
Event: 1.360 Thread 0x000001975c8866a0 DEOPT UNPACKING pc=0x00000197658b2b43 sp=0x00000028190fcc78 mode 3
Event: 3.404 Thread 0x000001975c8866a0 DEOPT PACKING pc=0x0000019766037e40 sp=0x00000028190fc610
Event: 3.404 Thread 0x000001975c8866a0 DEOPT UNPACKING pc=0x00000197658b2b43 sp=0x00000028190fba80 mode 3
Event: 3.640 Thread 0x000001975c8866a0 DEOPT PACKING pc=0x0000019765f277ec sp=0x00000028190fbce0
Event: 3.640 Thread 0x000001975c8866a0 DEOPT UNPACKING pc=0x00000197658b2b43 sp=0x00000028190fb198 mode 0
Event: 4.067 Thread 0x000001975c8866a0 DEOPT PACKING pc=0x00000197660ef19d sp=0x00000028190fd040
Event: 4.067 Thread 0x000001975c8866a0 DEOPT UNPACKING pc=0x00000197658b2b43 sp=0x00000028190fc5a8 mode 3
Event: 5.819 Thread 0x000001975c8866a0 DEOPT PACKING pc=0x0000019765d25801 sp=0x00000028190f9a10
Event: 5.819 Thread 0x000001975c8866a0 DEOPT UNPACKING pc=0x00000197658b2b43 sp=0x00000028190f8ea0 mode 3
Event: 5.819 Thread 0x000001976d789030 DEOPT PACKING pc=0x0000019765d20917 sp=0x000000281a9feed0
Event: 5.819 Thread 0x000001976d789030 DEOPT UNPACKING pc=0x00000197658b2b43 sp=0x000000281a9fe328 mode 3
Event: 24.288 Thread 0x000001975c8866a0 DEOPT PACKING pc=0x0000019766051619 sp=0x00000028190fd100
Event: 24.288 Thread 0x000001975c8866a0 DEOPT UNPACKING pc=0x00000197658b2b43 sp=0x00000028190fc5e0 mode 3

Classes unloaded (20 events):
Event: 222.457 Thread 0x000001975c928010 Unloading class 0x0000000800d0c400 'java/lang/invoke/LambdaForm$MH+0x0000000800d0c400'
Event: 222.457 Thread 0x000001975c928010 Unloading class 0x0000000800cac000 'java/lang/invoke/LambdaForm$DMH+0x0000000800cac000'
Event: 222.457 Thread 0x000001975c928010 Unloading class 0x0000000800c85800 'java/lang/invoke/LambdaForm$MH+0x0000000800c85800'
Event: 222.457 Thread 0x000001975c928010 Unloading class 0x0000000800c85400 'java/lang/invoke/LambdaForm$MH+0x0000000800c85400'
Event: 222.457 Thread 0x000001975c928010 Unloading class 0x0000000800c85000 'java/lang/invoke/LambdaForm$MH+0x0000000800c85000'
Event: 222.457 Thread 0x000001975c928010 Unloading class 0x0000000800c84c00 'java/lang/invoke/LambdaForm$MH+0x0000000800c84c00'
Event: 222.457 Thread 0x000001975c928010 Unloading class 0x0000000800c84800 'java/lang/invoke/LambdaForm$MH+0x0000000800c84800'
Event: 222.457 Thread 0x000001975c928010 Unloading class 0x0000000800c84400 'java/lang/invoke/LambdaForm$MH+0x0000000800c84400'
Event: 222.457 Thread 0x000001975c928010 Unloading class 0x0000000800c10c00 'java/lang/invoke/LambdaForm$MH+0x0000000800c10c00'
Event: 222.457 Thread 0x000001975c928010 Unloading class 0x0000000800c10800 'java/lang/invoke/LambdaForm$MH+0x0000000800c10800'
Event: 222.457 Thread 0x000001975c928010 Unloading class 0x0000000800c10000 'java/lang/invoke/LambdaForm$MH+0x0000000800c10000'
Event: 222.457 Thread 0x000001975c928010 Unloading class 0x0000000800c0fc00 'java/lang/invoke/LambdaForm$MH+0x0000000800c0fc00'
Event: 222.457 Thread 0x000001975c928010 Unloading class 0x0000000800c0ec00 'java/lang/invoke/LambdaForm$MH+0x0000000800c0ec00'
Event: 222.457 Thread 0x000001975c928010 Unloading class 0x0000000800c0e400 'java/lang/invoke/LambdaForm$MH+0x0000000800c0e400'
Event: 222.457 Thread 0x000001975c928010 Unloading class 0x0000000800c0e000 'java/lang/invoke/LambdaForm$MH+0x0000000800c0e000'
Event: 222.457 Thread 0x000001975c928010 Unloading class 0x0000000800c0dc00 'java/lang/invoke/LambdaForm$MH+0x0000000800c0dc00'
Event: 222.457 Thread 0x000001975c928010 Unloading class 0x0000000800c0d800 'java/lang/invoke/LambdaForm$MH+0x0000000800c0d800'
Event: 222.457 Thread 0x000001975c928010 Unloading class 0x0000000800c0d400 'java/lang/invoke/LambdaForm$MH+0x0000000800c0d400'
Event: 222.457 Thread 0x000001975c928010 Unloading class 0x0000000800c0cc00 'java/lang/invoke/LambdaForm$MH+0x0000000800c0cc00'
Event: 222.457 Thread 0x000001975c928010 Unloading class 0x0000000800c0c400 'java/lang/invoke/LambdaForm$MH+0x0000000800c0c400'

Classes redefined (0 events):
No events

Internal exceptions (20 events):
Event: 29.296 Thread 0x000001975c8866a0 Exception <a 'java/lang/reflect/InvocationTargetException'{0x00000000c6d200a8}> (0x00000000c6d200a8) 
thrown [t:\workspace\open\src\hotspot\share\runtime\reflection.cpp, line 1121]
Event: 29.365 Thread 0x000001975c8866a0 Exception <a 'java/lang/reflect/InvocationTargetException'{0x00000000c6c96a10}> (0x00000000c6c96a10) 
thrown [t:\workspace\open\src\hotspot\share\runtime\reflection.cpp, line 1121]
Event: 30.565 Thread 0x000001975c8866a0 Exception <a 'sun/nio/fs/WindowsException'{0x00000000c610d378}> (0x00000000c610d378) 
thrown [t:\workspace\open\src\hotspot\share\prims\jni.cpp, line 516]
Event: 30.675 Thread 0x000001975c8866a0 Exception <a 'java/lang/IncompatibleClassChangeError'{0x00000000c7d6d100}: Found class java.lang.Object, but interface was expected> (0x00000000c7d6d100) 
thrown [t:\workspace\open\src\hotspot\share\interpreter\linkResolver.cpp, line 833]
Event: 30.923 Thread 0x000001975c8866a0 Exception <a 'java/lang/NoSuchMethodError'{0x00000000c7512418}: 'void java.lang.invoke.DirectMethodHandle$Holder.invokeVirtual(java.lang.Object, java.lang.Object, long)'> (0x00000000c7512418) 
thrown [t:\workspace\open\src\hotspot\share\interpreter\linkResolver.cpp, line 766]
Event: 30.947 Thread 0x000001975c8866a0 Exception <a 'java/lang/NoSuchMethodError'{0x00000000c7435660}: 'java.lang.Object java.lang.invoke.DirectMethodHandle$Holder.invokeSpecial(java.lang.Object, java.lang.Object, int, int, int, int)'> (0x00000000c7435660) 
thrown [t:\workspace\open\src\hotspot\share\interpreter\linkResolver.cpp, line 766]
Event: 31.047 Thread 0x000001975c8866a0 Exception <a 'java/lang/NoSuchMethodError'{0x00000000c7142b38}: 'java.lang.Object java.lang.invoke.Invokers$Holder.invoke_MT(java.lang.Object, java.lang.Object, java.lang.Object, java.lang.Object, java.lang.Object, java.lang.Object, java.lang.Object, java.lang.Object, java.lang.Object)'> (0x00000000c7142b38) 
thrown [t:\workspace\open\src\hotspot\share\interpreter\linkResolver.cpp, line 766]
Event: 31.093 Thread 0x000001975c8866a0 Exception <a 'java/lang/IncompatibleClassChangeError'{0x00000000c7020ea8}: Found class java.lang.Object, but interface was expected> (0x00000000c7020ea8) 
thrown [t:\workspace\open\src\hotspot\share\interpreter\linkResolver.cpp, line 833]
Event: 31.262 Thread 0x000001975c8866a0 Exception <a 'java/lang/NoSuchMethodError'{0x00000000c6ba1258}: 'java.lang.Object java.lang.invoke.DirectMethodHandle$Holder.invokeSpecial(java.lang.Object, java.lang.Object, java.lang.Object, java.lang.Object, java.lang.Object, java.lang.Object, java.lang.Object, java.lang.Object, java.lang.Object, java.lang.Object, java.lang.Object)'> (0x00000000c6ba1258) 
thrown [t:\workspace\open\src\hotspot\share\interpreter\linkResolver.cpp, line 766]
Event: 31.262 Thread 0x000001975c8866a0 Exception <a 'java/lang/NoSuchMethodError'{0x00000000c6ba5688}: 'java.lang.Object java.lang.invoke.Invokers$Holder.invoke_MT(java.lang.Object, java.lang.Object, java.lang.Object, java.lang.Object, java.lang.Object, java.lang.Object, java.lang.Object, java.lang.Object, java.lang.Object, java.lang.Object, java.lang.Object)'> (0x00000000c6ba5688) 
thrown [t:\workspace\open\src\hotspot\share\interpreter\linkResolver.cpp, line 766]
Event: 31.502 Thread 0x000001975c8866a0 Exception <a 'java/lang/NoSuchMethodError'{0x00000000c6767878}: 'java.lang.Object java.lang.invoke.DirectMethodHandle$Holder.newInvokeSpecial(java.lang.Object, java.lang.Object, int, java.lang.Object, java.lang.Object)'> (0x00000000c6767878) 
thrown [t:\workspace\open\src\hotspot\share\interpreter\linkResolver.cpp, line 766]
Event: 31.834 Thread 0x000001975c8866a0 Exception <a 'java/lang/NoSuchMethodError'{0x00000000cc34dd38}: 'java.lang.Object java.lang.invoke.DirectMethodHandle$Holder.invokeInterface(java.lang.Object, java.lang.Object, int)'> (0x00000000cc34dd38) 
thrown [t:\workspace\open\src\hotspot\share\interpreter\linkResolver.cpp, line 766]
Event: 41.456 Thread 0x0000019770561a00 Exception <a 'java/lang/NoSuchMethodError'{0x00000000c7c79238}: 'java.lang.Object java.lang.invoke.DirectMethodHandle$Holder.invokeSpecial(java.lang.Object, java.lang.Object, java.lang.Object, java.lang.Object, java.lang.Object, long)'> (0x00000000c7c79238) 
thrown [t:\workspace\open\src\hotspot\share\interpreter\linkResolver.cpp, line 766]
Event: 41.460 Thread 0x0000019770561a00 Exception <a 'java/lang/NoSuchMethodError'{0x00000000c7c7cc78}: 'java.lang.Object java.lang.invoke.Invokers$Holder.linkToTargetMethod(java.lang.Object, java.lang.Object, java.lang.Object, long, java.lang.Object)'> (0x00000000c7c7cc78) 
thrown [t:\workspace\open\src\hotspot\share\interpreter\linkResolver.cpp, line 766]
Event: 47.708 Thread 0x0000019770561a00 Exception <a 'java/lang/NoSuchMethodError'{0x00000000c75dc0f8}: 'void java.lang.invoke.DirectMethodHandle$Holder.invokeSpecialIFC(java.lang.Object, java.lang.Object, int, java.lang.Object, java.lang.Object, java.lang.Object, java.lang.Object)'> (0x00000000c75dc0f8) 
thrown [t:\workspace\open\src\hotspot\share\interpreter\linkResolver.cpp, line 766]
Event: 48.349 Thread 0x0000019770561a00 Exception <a 'java/lang/IncompatibleClassChangeError'{0x00000000c74edc30}: Found class java.lang.Object, but interface was expected> (0x00000000c74edc30) 
thrown [t:\workspace\open\src\hotspot\share\interpreter\linkResolver.cpp, line 833]
Event: 54.758 Thread 0x0000019770561a00 Exception <a 'java/lang/IncompatibleClassChangeError'{0x00000000c6d05560}: Found class java.lang.Object, but interface was expected> (0x00000000c6d05560) 
thrown [t:\workspace\open\src\hotspot\share\interpreter\linkResolver.cpp, line 833]
Event: 187.109 Thread 0x0000019770560b90 Exception <a 'java/lang/NoSuchMethodError'{0x00000000c6921800}: 'java.lang.Object java.lang.invoke.DirectMethodHandle$Holder.invokeInterface(java.lang.Object, java.lang.Object, java.lang.Object, java.lang.Object)'> (0x00000000c6921800) 
thrown [t:\workspace\open\src\hotspot\share\interpreter\linkResolver.cpp, line 766]
Event: 187.132 Thread 0x0000019770560b90 Exception <a 'java/lang/IncompatibleClassChangeError'{0x00000000c693d298}: Found class java.lang.Object, but interface was expected> (0x00000000c693d298) 
thrown [t:\workspace\open\src\hotspot\share\interpreter\linkResolver.cpp, line 833]
Event: 197.154 Thread 0x0000019773a03f10 Exception <a 'java/lang/NoSuchMethodError'{0x00000000c68b8590}: 'java.lang.Object java.lang.invoke.DirectMethodHandle$Holder.invokeSpecial(java.lang.Object, java.lang.Object, int, java.lang.Object, double)'> (0x00000000c68b8590) 
thrown [t:\workspace\open\src\hotspot\share\interpreter\linkResolver.cpp, line 766]

VM Operations (20 events):
Event: 238.928 Executing VM operation: Cleanup done
Event: 239.938 Executing VM operation: Cleanup
Event: 239.938 Executing VM operation: Cleanup done
Event: 241.953 Executing VM operation: Cleanup
Event: 241.953 Executing VM operation: Cleanup done
Event: 243.968 Executing VM operation: Cleanup
Event: 243.968 Executing VM operation: Cleanup done
Event: 245.977 Executing VM operation: Cleanup
Event: 245.977 Executing VM operation: Cleanup done
Event: 268.104 Executing VM operation: Cleanup
Event: 268.104 Executing VM operation: Cleanup done
Event: 268.364 Executing VM operation: G1CollectForAllocation
Event: 268.439 Executing VM operation: G1CollectForAllocation done
Event: 268.448 Executing VM operation: G1CollectForAllocation
Event: 268.514 Executing VM operation: G1CollectForAllocation done
Event: 268.537 Executing VM operation: G1CollectForAllocation
Event: 268.549 Executing VM operation: G1CollectForAllocation done
Event: 268.557 Executing VM operation: G1CollectForAllocation
Event: 268.572 Executing VM operation: G1CollectForAllocation done
Event: 268.589 Executing VM operation: G1CollectForAllocation

Events (20 events):
Event: 53.928 loading class java/math/MathContext done
Event: 54.014 loading class java/math/BigDecimal$StringBuilderHelper
Event: 54.016 loading class java/math/BigDecimal$StringBuilderHelper done
Event: 186.552 loading class java/util/zip/DeflaterOutputStream
Event: 186.562 loading class java/util/zip/DeflaterOutputStream done
Event: 186.567 loading class java/util/zip/GZIPInputStream
Event: 186.574 loading class java/util/zip/GZIPInputStream done
Event: 186.576 loading class java/util/zip/GZIPOutputStream
Event: 186.579 loading class java/util/zip/GZIPOutputStream done
Event: 186.835 loading class com/sun/crypto/provider/HmacCore$HmacSHA512
Event: 186.836 loading class com/sun/crypto/provider/HmacCore$HmacSHA512 done
Event: 221.251 Thread 0x00000197733a3850 Thread added: 0x00000197733a3850
Event: 227.561 Thread 0x00000197733a3850 Thread exited: 0x00000197733a3850
Event: 234.752 Thread 0x00000197733a3850 Thread added: 0x00000197733a3850
Event: 234.798 loading class java/util/concurrent/locks/ReentrantReadWriteLock$Sync$HoldCounter
Event: 234.801 loading class java/util/concurrent/locks/ReentrantReadWriteLock$Sync$HoldCounter done
Event: 243.946 Thread 0x00000197733a3850 Thread exited: 0x00000197733a3850
Event: 245.873 Thread 0x00000197732ff020 Thread added: 0x00000197732ff020
Event: 249.046 Thread 0x00000197732ff020 Thread exited: 0x00000197732ff020
Event: 267.550 Thread 0x00000197732ff020 Thread added: 0x00000197732ff020


Dynamic libraries:
0x00007ff76ba40000 - 0x00007ff76ba50000 	C:\Program Files\Java\jdk-17\bin\java.exe
0x00007ffa7b9b0000 - 0x00007ffa7bbc7000 	C:\WINDOWS\SYSTEM32\ntdll.dll
0x00007ffa7aca0000 - 0x00007ffa7ad64000 	C:\WINDOWS\System32\KERNEL32.DLL
0x00007ffa79030000 - 0x00007ffa79400000 	C:\WINDOWS\System32\KERNELBASE.dll
0x00007ffa78e20000 - 0x00007ffa78f31000 	C:\WINDOWS\System32\ucrtbase.dll
0x00007ffa72820000 - 0x00007ffa72838000 	C:\Program Files\Java\jdk-17\bin\jli.dll
0x00007ffa7a860000 - 0x00007ffa7a911000 	C:\WINDOWS\System32\ADVAPI32.dll
0x00007ffa7b060000 - 0x00007ffa7b107000 	C:\WINDOWS\System32\msvcrt.dll
0x00007ffa690a0000 - 0x00007ffa690ba000 	C:\Program Files\Java\jdk-17\bin\VCRUNTIME140.dll
0x00007ffa7a7a0000 - 0x00007ffa7a847000 	C:\WINDOWS\System32\sechost.dll
0x00007ffa78f40000 - 0x00007ffa78f68000 	C:\WINDOWS\System32\bcrypt.dll
0x00007ffa796a0000 - 0x00007ffa797b4000 	C:\WINDOWS\System32\RPCRT4.dll
0x00007ffa79d70000 - 0x00007ffa79f1e000 	C:\WINDOWS\System32\USER32.dll
0x00007ffa79400000 - 0x00007ffa79426000 	C:\WINDOWS\System32\win32u.dll
0x00007ffa7ac70000 - 0x00007ffa7ac99000 	C:\WINDOWS\System32\GDI32.dll
0x00007ffa78d00000 - 0x00007ffa78e1b000 	C:\WINDOWS\System32\gdi32full.dll
0x00007ffa57230000 - 0x00007ffa574c2000 	C:\WINDOWS\WinSxS\amd64_microsoft.windows.common-controls_6595b64144ccf1df_6.0.22621.4830_none_270fe7d773858e80\COMCTL32.dll
0x00007ffa78c60000 - 0x00007ffa78cfa000 	C:\WINDOWS\System32\msvcp_win.dll
0x00007ffa70b80000 - 0x00007ffa70b8a000 	C:\WINDOWS\SYSTEM32\VERSION.dll
0x00007ffa7b3e0000 - 0x00007ffa7b411000 	C:\WINDOWS\System32\IMM32.DLL
0x00007ffa752b0000 - 0x00007ffa752bc000 	C:\Program Files\Java\jdk-17\bin\vcruntime140_1.dll
0x00007ffa68ea0000 - 0x00007ffa68f2d000 	C:\Program Files\Java\jdk-17\bin\msvcp140.dll
0x00007ffa20950000 - 0x00007ffa2150e000 	C:\Program Files\Java\jdk-17\bin\server\jvm.dll
0x00007ffa7a850000 - 0x00007ffa7a858000 	C:\WINDOWS\System32\PSAPI.DLL
0x00007ffa62870000 - 0x00007ffa62879000 	C:\WINDOWS\SYSTEM32\WSOCK32.dll
0x00007ffa74b00000 - 0x00007ffa74b34000 	C:\WINDOWS\SYSTEM32\WINMM.dll
0x00007ffa7aad0000 - 0x00007ffa7ab41000 	C:\WINDOWS\System32\WS2_32.dll
0x00007ffa77c60000 - 0x00007ffa77c78000 	C:\WINDOWS\SYSTEM32\kernel.appcore.dll
0x00007ffa72900000 - 0x00007ffa7290a000 	C:\Program Files\Java\jdk-17\bin\jimage.dll
0x00007ffa75940000 - 0x00007ffa75b72000 	C:\WINDOWS\SYSTEM32\DBGHELP.DLL
0x00007ffa79910000 - 0x00007ffa79ca0000 	C:\WINDOWS\System32\combase.dll
0x00007ffa7b2e0000 - 0x00007ffa7b3b7000 	C:\WINDOWS\System32\OLEAUT32.dll
0x00007ffa57fb0000 - 0x00007ffa57fe2000 	C:\WINDOWS\SYSTEM32\dbgcore.DLL
0x00007ffa795a0000 - 0x00007ffa7961b000 	C:\WINDOWS\System32\bcryptPrimitives.dll
0x00007ffa60bb0000 - 0x00007ffa60bd5000 	C:\Program Files\Java\jdk-17\bin\java.dll
0x00007ffa3cd80000 - 0x00007ffa3ce56000 	C:\Program Files\Java\jdk-17\bin\svml.dll
0x00007ffa79f20000 - 0x00007ffa7a798000 	C:\WINDOWS\System32\SHELL32.dll
0x00007ffa76b60000 - 0x00007ffa77470000 	C:\WINDOWS\SYSTEM32\windows.storage.dll
0x00007ffa76a20000 - 0x00007ffa76b5f000 	C:\WINDOWS\SYSTEM32\wintypes.dll
0x00007ffa7ab50000 - 0x00007ffa7ac5a000 	C:\WINDOWS\System32\SHCORE.dll
0x00007ffa7b420000 - 0x00007ffa7b47e000 	C:\WINDOWS\System32\shlwapi.dll
0x00007ffa78b90000 - 0x00007ffa78bbb000 	C:\WINDOWS\SYSTEM32\profapi.dll
0x00007ffa68e80000 - 0x00007ffa68e99000 	C:\Program Files\Java\jdk-17\bin\net.dll
0x00007ffa726a0000 - 0x00007ffa727cc000 	C:\WINDOWS\SYSTEM32\WINHTTP.dll
0x00007ffa780d0000 - 0x00007ffa7813a000 	C:\WINDOWS\system32\mswsock.dll
0x00007ffa68db0000 - 0x00007ffa68dc5000 	C:\Program Files\Java\jdk-17\bin\nio.dll
0x00007ffa67950000 - 0x00007ffa67968000 	C:\Program Files\Java\jdk-17\bin\zip.dll
0x00007ffa69090000 - 0x00007ffa6909e000 	C:\Program Files\Java\jdk-17\bin\sunmscapi.dll
0x00007ffa79430000 - 0x00007ffa79596000 	C:\WINDOWS\System32\CRYPT32.dll
0x00007ffa78530000 - 0x00007ffa7855d000 	C:\WINDOWS\SYSTEM32\ncrypt.dll
0x00007ffa784f0000 - 0x00007ffa78527000 	C:\WINDOWS\SYSTEM32\NTASN1.dll
0x00007ffa78420000 - 0x00007ffa7843b000 	C:\WINDOWS\SYSTEM32\CRYPTSP.dll
0x00007ffa77bc0000 - 0x00007ffa77bf5000 	C:\WINDOWS\system32\rsaenh.dll
0x00007ffa78170000 - 0x00007ffa78198000 	C:\WINDOWS\SYSTEM32\USERENV.dll
0x00007ffa78400000 - 0x00007ffa7840c000 	C:\WINDOWS\SYSTEM32\CRYPTBASE.dll
0x00007ffa77710000 - 0x00007ffa7773d000 	C:\WINDOWS\SYSTEM32\IPHLPAPI.DLL
0x00007ffa7b2d0000 - 0x00007ffa7b2d9000 	C:\WINDOWS\System32\NSI.dll
0x00007ffa74400000 - 0x00007ffa74419000 	C:\WINDOWS\SYSTEM32\dhcpcsvc6.DLL
0x00007ffa743e0000 - 0x00007ffa743ff000 	C:\WINDOWS\SYSTEM32\dhcpcsvc.DLL
0x00007ffa77740000 - 0x00007ffa77842000 	C:\WINDOWS\SYSTEM32\DNSAPI.dll
0x00007ffa68f70000 - 0x00007ffa68f79000 	C:\Program Files\Java\jdk-17\bin\management.dll
0x00007ffa68e20000 - 0x00007ffa68e2b000 	C:\Program Files\Java\jdk-17\bin\management_ext.dll
0x00007ffa72810000 - 0x00007ffa72820000 	C:\Program Files\Java\jdk-17\bin\verify.dll
0x00007ffa69520000 - 0x00007ffa6952a000 	C:\Windows\System32\rasadhlp.dll
0x00007ffa713e0000 - 0x00007ffa71463000 	C:\WINDOWS\System32\fwpuclnt.dll
0x00007ffa72160000 - 0x00007ffa72168000 	C:\WINDOWS\system32\wshunix.dll
0x000000006e4c0000 - 0x000000006e4df000 	C:\Users\oucha\AppData\Local\Temp\jffi143741173497278686.dll

dbghelp: loaded successfully - version: 4.0.5 - missing functions: none
symbol engine: initialized successfully - sym options: 0x614 - pdb path: .;C:\Program Files\Java\jdk-17\bin;C:\WINDOWS\SYSTEM32;C:\WINDOWS\WinSxS\amd64_microsoft.windows.common-controls_6595b64144ccf1df_6.0.22621.4830_none_270fe7d773858e80;C:\Program Files\Java\jdk-17\bin\server;C:\Users\oucha\AppData\Local\Temp

VM Arguments:
jvm_args: -XX:TieredStopAtLevel=1 
java_command: com.example.springboot.first.app.Application
java_class_path (initial): C:\projetFrontBack\backend\target\classes;C:\Users\oucha\.m2\repository\org\springframework\boot\spring-boot\3.4.2\spring-boot-3.4.2.jar;C:\Users\oucha\.m2\repository\org\springframework\boot\spring-boot-autoconfigure\3.4.2\spring-boot-autoconfigure-3.4.2.jar;C:\Users\oucha\.m2\repository\ch\qos\logback\logback-classic\1.5.16\logback-classic-1.5.16.jar;C:\Users\oucha\.m2\repository\ch\qos\logback\logback-core\1.5.16\logback-core-1.5.16.jar;C:\Users\oucha\.m2\repository\org\apache\logging\log4j\log4j-to-slf4j\2.24.3\log4j-to-slf4j-2.24.3.jar;C:\Users\oucha\.m2\repository\org\apache\logging\log4j\log4j-api\2.24.3\log4j-api-2.24.3.jar;C:\Users\oucha\.m2\repository\org\slf4j\jul-to-slf4j\2.0.16\jul-to-slf4j-2.0.16.jar;C:\Users\oucha\.m2\repository\jakarta\annotation\jakarta.annotation-api\2.1.1\jakarta.annotation-api-2.1.1.jar;C:\Users\oucha\.m2\repository\org\yaml\snakeyaml\2.3\snakeyaml-2.3.jar;C:\Users\oucha\.m2\repository\com\fasterxml\jackson\datatype\jackson-datatype-jdk8\2.18.2\jackson-datatype-jdk8-2.18.2.jar;C:\Users\oucha\.m2\repository\com\fasterxml\jackson\datatype\jackson-datatype-jsr310\2.18.2\jackson-datatype-jsr310-2.18.2.jar;C:\Users\oucha\.m2\repository\com\fasterxml\jackson\module\jackson-module-parameter-names\2.18.2\jackson-module-parameter-names-2.18.2.jar;C:\Users\oucha\.m2\repository\org\apache\tomcat\embed\tomcat-embed-core\10.1.34\tomcat-embed-core-10.1.34.jar;C:\Users\oucha\.m2\repository\org\apache\tomcat\embed\tomcat-embed-el\10.1.34\tomcat-embed-el-10.1.34.jar;C:\Users\oucha\.m2\repository\org\apache\tomcat\embed\tomcat-embed-websocket\10.1.34\tomcat-embed-websocket-10.1.34.jar;C:\Users\oucha\.m2\repository\org\springframework\spring-web\6.2.2\spring-web-6.2.2.jar;C:\Users\oucha\.m2\repository\org\springframework\spring-beans\6.2.2\spring-beans-6.2.2.jar;C:\Users\oucha\.m2\repository\io\micrometer\micrometer-observation\1.14.3\micrometer-observation-1.14.3.jar;C:\Users\oucha\.m2\repository\io\micrometer\micromet
Launcher Type: SUN_STANDARD

[Global flags]
     intx CICompilerCount                          = 3                                         {product} {ergonomic}
     uint ConcGCThreads                            = 1                                         {product} {ergonomic}
     uint G1ConcRefinementThreads                  = 4                                         {product} {ergonomic}
   size_t G1HeapRegionSize                         = 1048576                                   {product} {ergonomic}
    uintx GCDrainStackTargetSize                   = 64                                        {product} {ergonomic}
   size_t InitialHeapSize                          = 65011712                                  {product} {ergonomic}
   size_t MarkStackSize                            = 4194304                                   {product} {ergonomic}
   size_t MaxHeapSize                              = 1031798784                                {product} {ergonomic}
   size_t MaxNewSize                               = 618659840                                 {product} {ergonomic}
   size_t MinHeapDeltaBytes                        = 1048576                                   {product} {ergonomic}
   size_t MinHeapSize                              = 8388608                                   {product} {ergonomic}
    uintx NonProfiledCodeHeapSize                  = 0                                      {pd product} {ergonomic}
     bool ProfileInterpreter                       = false                                  {pd product} {command line}
    uintx ProfiledCodeHeapSize                     = 0                                      {pd product} {ergonomic}
   size_t SoftMaxHeapSize                          = 1031798784                             {manageable} {ergonomic}
     intx TieredStopAtLevel                        = 1                                         {product} {command line}
     bool UseCompressedClassPointers               = true                           {product lp64_product} {ergonomic}
     bool UseCompressedOops                        = true                           {product lp64_product} {ergonomic}
     bool UseG1GC                                  = true                                      {product} {ergonomic}
     bool UseLargePagesIndividualAllocation        = false                                  {pd product} {ergonomic}

Logging:
Log output configuration:
 #0: stdout all=warning uptime,level,tags
 #1: stderr all=off uptime,level,tags

Environment Variables:
PATH=C:\Program Files\Common Files\Oracle\Java\javapath;C:\WINDOWS\system32;C:\WINDOWS;C:\WINDOWS\System32\Wbem;C:\WINDOWS\System32\WindowsPowerShell\v1.0\;C:\WINDOWS\System32\OpenSSH\;C:\Program Files\Docker\Docker\resources\bin;C:\Program Files\Git\cmd;C:\Program Files\nodejs\;C:\Users\oucha\AppData\Local\Programs\Python\Python311\Scripts\;C:\Users\oucha\AppData\Local\Programs\Python\Python311\;C:\Users\oucha\AppData\Local\Programs\Python\Launcher\;C:\Users\oucha\AppData\Local\Microsoft\WindowsApps;C:\Program Files\JetBrains\IntelliJ IDEA 2024.3.2.2\bin;;C:\Program Files\JetBrains\IntelliJ IDEA Community Edition 2024.3.2.2\bin;;C:\Program Files\Java\jdk-17;C:\Users\oucha\Downloads\apache-maven-3.9.9-bin\apache-maven-3.9.9\bin;C:\Program Files\Git\bin;C:\Users\oucha\AppData\Local\Programs\Microsoft VS Code\bin;C:\Users\oucha\AppData\Roaming\npm
USERNAME=oucha
OS=Windows_NT
PROCESSOR_IDENTIFIER=Intel64 Family 6 Model 142 Stepping 12, GenuineIntel



---------------  S Y S T E M  ---------------

OS:
 Windows 10 , 64 bit Build 22621 (10.0.22621.4830)
OS uptime: 0 days 21:41 hours
Hyper-V role detected

CPU: total 4 (initial active 4) (2 cores per cpu, 2 threads per core) family 6 model 142 stepping 12 microcode 0xf0, cx8, cmov, fxsr, ht, mmx, 3dnowpref, sse, sse2, sse3, ssse3, sse4.1, sse4.2, popcnt, lzcnt, tsc, tscinvbit, avx, avx2, aes, erms, clmul, bmi1, bmi2, adx, fma, vzeroupper, clflush, clflushopt, hv

Memory: 4k page, system-wide physical 3930M (259M free)
TotalPageFile size 16218M (AvailPageFile size 23M)
current process WorkingSet (physical memory assigned to process): 135M, peak: 233M
current process commit charge ("private bytes"): 387M, peak: 494M

vm_info: Java HotSpot(TM) 64-Bit Server VM (17+35-LTS-2724) for windows-amd64 JRE (17+35-LTS-2724), built on Aug  5 2021 23:28:28 by "mach5one" with MS VC++ 16.8 (VS2019)

END.
